52. Printing statistics.

=== CoreMiniAxi ===

        +----------Local Count, excluding submodules.
        |        +-Local Area, excluding submodules.
        |        | 
    53594        - wires
    60776        - wire bits
      454        - public wires
     7504        - public wire bits
      110        - ports
     1360        - port bits
    58660 1.29E+05 cells
        2        -   $_DLATCH_N_
        9        -   $mem_v2
       14    23.52   AND2X0P5H7L
        8    13.44   AND2X0P7H7L
      463   777.84   AND2X1H7L
       82   137.76   AND2X1P4H7L
      245    480.2   AND3X1P4H7L
        2     4.48   AND3X3H7L
        1     4.48   AND3X8H7L
      115    257.6   AND4X0P5H7L
        1     2.24   AND4X1P4H7L
        2    11.76   AND4X6H7L
        2     5.04   AO211X0P7H7L
       16    40.32   AO211X1H7L
       72   181.44   AO211X1P4H7L
      466  1043.84   AO21X1H7L
        2     4.48   AO21X1P4H7L
       40    123.2   AO221X0P7H7L
      332  1115.52   AO222X0P5H7L
        2     6.72   AO222X1H7L
        1     3.36   AO222X1P4H7L
      406  1023.12   AO22X0P7H7L
        1     2.52   AO22X1P4H7L
       24    60.48   AO31X0P5H7L
       12    30.24   AOA211X0P5H7L
        2     5.04   AOA211X0P7H7L
       75      189   AOA211X1H7L
       41   103.32   AOA211X1P4H7L
     1035   2028.6   AOAI211X0P5H7L
        5      9.8   AOAI211X0P7H7L
        5      9.8   AOAI211X1H7L
       63   123.48   AOAI211X1P4H7L
        5     12.6   AOAI211X2H7L
        1      4.2   AOAI211X4H7L
      517  1013.32   AOI211X0P5H7L
        7    13.72   AOI211X1P4H7L
       14    35.28   AOI211X2H7L
        9    30.24   AOI211X3H7L
        1      4.2   AOI211X4H7L
       98   219.52   AOI21BX0P5H7L
        2     4.48   AOI21BX2H7L
        1      2.8   AOI21BX3H7L
     4078   5709.2   AOI21X0P5H7L
       10       14   AOI21X0P7H7L
       14     19.6   AOI21X1H7L
       16     22.4   AOI21X1P4H7L
        1     1.96   AOI21X2H7L
      240    604.8   AOI221X0P5H7L
        1     2.52   AOI221X0P7H7L
        3     7.56   AOI221X1P4H7L
     1154  3554.32   AOI222X0P5H7L
        1     3.08   AOI222X1P4H7L
     1300     2548   AOI22X0P5H7L
        9    17.64   AOI22X1P4H7L
        1     3.36   AOI22X3H7L
        1     6.44   AOI22X6H7L
      460    901.6   AOI2BB1X0P5H7L
        4     7.84   AOI2BB1X1P4H7L
        1     3.08   AOI2BB1X4H7L
       79   199.08   AOI2BB2X0P5H7L
        1     3.64   AOI2BB2X3H7L
      134   300.16   AOI2XB1X0P5H7L
      437   856.52   AOI31X0P5H7L
        1     1.96   AOI31X0P7H7L
        1     1.96   AOI31X1H7L
       39    76.44   AOI31X1P4H7L
      322   721.28   AOI32X0P5H7L
        1     2.24   AOI32X1P4H7L
        3     7.56   AOI33X0P5H7L
      334   374.08   BUFX0P5H7L
      103   115.36   BUFX0P7H7L
        3    10.92   BUFX10H7L
        1     5.04   BUFX16H7L
      320    358.4   BUFX1H7L
     1522  1704.64   BUFX1P4H7L
        2      2.8   BUFX2P5H7L
       48     67.2   BUFX3H7L
        5      8.4   BUFX3P5H7L
        1     1.96   BUFX4H7L
        4     7.84   BUFX5H7L
        7    17.64   BUFX7H7L
        1      2.8   BUFX8H7L
      298  1835.68   DFFQX1H7L
     4296 3.37E+04   DFFRQX2H7L
        2    16.24   DFFSQX2H7L
      905    760.2   INVX0P5H7L
       21    17.64   INVX0P7H7L
       10      8.4   INVX1H7L
       33    27.72   INVX1P4H7L
        3     3.36   INVX2P5H7L
        1      1.4   INVX5H7L
     1255     3514   MUX2X0P5H7L
        9    57.96   MUX4X1P4H7L
       26    80.08   MUXI2X0P5H7L
     2188   3063.2   NAND2BX0P5H7L
       13     18.2   NAND2BX0P7H7L
       11     15.4   NAND2BX1H7L
       24     33.6   NAND2BX1P4H7L
     7018  7860.16   NAND2X0P5H7L
       32    35.84   NAND2X0P7H7L
       34    38.08   NAND2X1H7L
       29    32.48   NAND2X1P4H7L
       16    40.32   NAND3BBX0P5H7L
        1     2.52   NAND3BBX1H7L
      138   270.48   NAND3BX0P5H7L
        1     1.96   NAND3BX0P7H7L
        5      9.8   NAND3BX2H7L
     1276   1786.4   NAND3X0P5H7L
        2      2.8   NAND3X0P7H7L
        4      5.6   NAND3X1H7L
       23     32.2   NAND3X1P4H7L
        1      2.8   NAND3X3H7L
        1      4.2   NAND3X6H7L
        6     16.8   NAND4BBX0P5H7L
        1      2.8   NAND4BBX2H7L
       58   129.92   NAND4BX0P5H7L
        6    13.44   NAND4BX1P4H7L
      310    607.6   NAND4X0P5H7L
        4     7.84   NAND4X0P7H7L
        6    11.76   NAND4X1H7L
       22    43.12   NAND4X1P4H7L
        8    42.56   NAND4X6H7L
     1595     2233   NOR2BX1H7L
      685      959   NOR2BX1P4H7L
        1     1.68   NOR2BX2H7L
     4913  5502.56   NOR2X0P5H7L
       25       28   NOR2X0P7H7L
       49    54.88   NOR2X1H7L
       37    41.44   NOR2X1P4H7L
       77   150.92   NOR3BX0P5H7L
        1     1.96   NOR3BX1H7L
        3     5.88   NOR3BX1P4H7L
      719   1006.6   NOR3X0P5H7L
       16     22.4   NOR3X0P7H7L
        8     11.2   NOR3X1H7L
       24     33.6   NOR3X1P4H7L
        1     2.52   NOR3X2H7L
        1      2.8   NOR3X3H7L
        1      4.2   NOR3X6H7L
       10       28   NOR4BBX0P5H7L
        1      2.8   NOR4BBX2H7L
        7    37.24   NOR4BBX4H7L
       56   125.44   NOR4BX0P5H7L
        2     4.48   NOR4BX0P7H7L
        3     6.72   NOR4BX1P4H7L
        1     2.52   NOR4BX2H7L
      226   442.96   NOR4X0P5H7L
        6    11.76   NOR4X0P7H7L
       12    23.52   NOR4X1H7L
       27    52.92   NOR4X1P4H7L
       11    27.72   NOR4X2H7L
        1     5.32   NOR4X6H7L
        6    15.12   OA211X0P5H7L
       40    100.8   OA211X0P7H7L
        4    10.08   OA211X1H7L
       40    100.8   OA211X1P4H7L
      234   524.16   OA21X0P7H7L
        1     2.24   OA21X1H7L
        4     8.96   OA21X1P4H7L
       39    109.2   OA221X0P5H7L
        1     3.64   OA221X4H7L
       95    319.2   OA222X1H7L
      107   269.64   OA22X0P5H7L
        2     4.48   OA31X0P7H7L
       38    85.12   OA31X1H7L
       21    47.04   OA31X1P4H7L
        1     2.52   OA31X3H7L
        1      2.8   OA31X4H7L
      521   875.28   OAI211X0P7H7L
       72   120.96   OAI211X1H7L
     1039  1745.52   OAI211X1P4H7L
       39    87.36   OAI21BX0P5H7L
        1     2.24   OAI21BX0P7H7L
     4255     5957   OAI21X0P5H7L
       13     18.2   OAI21X0P7H7L
        7      9.8   OAI21X1H7L
       14     19.6   OAI21X1P4H7L
      197   496.44   OAI221X0P5H7L
        2     5.04   OAI221X0P7H7L
        2     5.04   OAI221X1H7L
        8    20.16   OAI221X1P4H7L
      296   911.68   OAI222X0P5H7L
      726  1422.96   OAI22X0P5H7L
        5      9.8   OAI22X1H7L
        1     1.96   OAI22X1P4H7L
     1400     2744   OAI2BB1X0P5H7L
        5      9.8   OAI2BB1X1P4H7L
      164   413.28   OAI2BB2X0P5H7L
        1     2.52   OAI2BB2X1H7L
        3     7.56   OAI2BB2X1P4H7L
      141   315.84   OAI2XB1X0P5H7L
        1     2.24   OAI2XB1X1P4H7L
        1     2.52   OAI2XB1X2H7L
      198   388.08   OAI31X0P5H7L
        7    13.72   OAI31X0P7H7L
        4     7.84   OAI31X1H7L
        2     3.92   OAI31X1P4H7L
        1     2.52   OAI31X2H7L
        2     8.96   OAI31X4H7L
       75      168   OAI32X0P5H7L
       17    42.84   OAI33X0P7H7L
       45      126   OAO211X0P5H7L
        1      2.8   OAO211X1H7L
        1      2.8   OAO211X1P4H7L
        1      2.8   OAO211X2H7L
        2     6.72   OAO211X4H7L
      209   468.16   OAOI211X0P5H7L
        2     4.48   OAOI211X0P7H7L
        2     4.48   OAOI211X1H7L
       30     67.2   OAOI211X1P4H7L
        4    10.08   OAOI211X2H7L
        1     3.64   OAOI211X3H7L
        1      4.2   OAOI211X4H7L
      549    768.6   OR2X0P5H7L
       17     23.8   OR2X0P7H7L
      750     1050   OR2X1P4H7L
        1     3.92   OR2X8H7L
      201   393.96   OR3X1H7L
        1     4.48   OR3X8H7L
        1     2.24   OR4X0P7H7L
       62   138.88   OR4X1P4H7L
     3028   8478.4   XNOR2X0P5H7L
        7     19.6   XNOR2X0P7H7L
       33     92.4   XNOR2X1H7L
       71    198.8   XNOR2X1P4H7L
        3    10.08   XNOR2X3H7L
        3    10.92   XNOR2X4H7L
       79   464.52   XNOR3X0P7H7L
        5     29.4   XNOR3X1P4H7L
        1     6.44   XNOR3X3H7L
        2       14   XNOR3X4H7L
     2111   5910.8   XOR2X0P5H7L
        6     16.8   XOR2X0P7H7L
        6     16.8   XOR2X1H7L
       36    100.8   XOR2X1P4H7L
        7    23.52   XOR2X3H7L
       42   246.96   XOR3X0P5H7L
        3    17.64   XOR3X1P4H7L
        2    12.88   XOR3X3H7L

   Area for cell type $_DLATCH_N_ is unknown!
   Area for cell type $mem_v2 is unknown!

   Chip area for module '\CoreMiniAxi': 128616.040000
     of which used for sequential elements: 35532.560000 (27.63%)

